<?xml version="1.0" encoding="UTF-8"?>
<testng-results ignored="0" total="1" passed="1" failed="0" skipped="0">
  <reporter-output>
  </reporter-output>
  <suite started-at="2022-07-22T12:50:59 IST" name="Default suite" finished-at="2022-07-22T12:51:13 IST" duration-ms="14124">
    <groups>
    </groups>
    <test started-at="2022-07-22T12:50:59 IST" name="Default test" finished-at="2022-07-22T12:51:13 IST" duration-ms="14124">
      <class name="project.signup">
        <test-method signature="aign()[pri:0, instance:project.signup@1677d1]" started-at="2022-07-22T12:50:59 IST" name="aign" finished-at="2022-07-22T12:51:13 IST" duration-ms="14073" status="PASS">
          <reporter-output>
          </reporter-output>
        </test-method> <!-- aign -->
      </class> <!-- project.signup -->
    </test> <!-- Default test -->
  </suite> <!-- Default suite -->
</testng-results>
